[2023-04-12T15:30:10.357Z] error: Error Password Incorrect. {}
[2023-04-12T15:30:58.333Z] error: Error Password Incorrect. {}
[2023-04-12T15:39:11.006Z] error: Error Password Incorrect. {}
[2023-04-12T15:44:26.151Z] error: Error Password Incorrect. {}
[2023-04-12T15:46:14.202Z] error: Error Email Not Found. {}
[2023-04-12T15:53:04.664Z] error: Error Password Incorrect. {}
[2023-04-12T15:53:51.504Z] error: Error Password Incorrect. {}
[2023-04-12T15:54:11.237Z] error: Error Password Incorrect. {}
[2023-04-12T15:54:11.251Z] error: Error Error: Invalid credentials. {}
[2023-04-12T15:56:52.567Z] error: Error Password Incorrect. {}
[2023-04-12T15:57:10.525Z] error: Error Password Incorrect. {}
[2023-04-12T15:57:10.540Z] warn: Error Error: Invalid credentials. {}
[2023-04-12T15:57:25.559Z] error: Error Password Incorrect. {}
[2023-04-12T15:58:35.161Z] error: Error Password Incorrect. {}
[2023-04-12T16:08:07.321Z] error: Error Password Incorrect. {}
[2023-04-12T16:08:07.324Z] error: Password Incorrect. {}
[2023-04-12T16:08:50.198Z] error: Password Incorrect. {}
[2023-04-12T16:08:50.201Z] error: Password Incorrect. {}
[2023-04-12T16:09:34.180Z] error: Email Not Found. {}
[2023-04-12T16:09:34.183Z] error: Email not Found. {}
[2023-04-12T16:17:36.041Z] error: Email Not Found. {}
[2023-04-12T16:17:36.044Z] error: Email not Found. {}
[2023-04-12T16:18:24.291Z] error: Password Incorrect. {}
[2023-04-12T16:18:24.293Z] error: Password Incorrect. {}
[2023-04-12T16:18:31.217Z] error: Email Not Found. {}
[2023-04-12T16:18:31.218Z] error: Email not Found. {}
[2023-04-12T16:39:31.766Z] error: Stock Insuficiente. {}
[2023-04-12T16:46:27.793Z] error: Stock Insuficiente. {}
[2023-04-12T16:47:09.484Z] error: Stock Insuficiente. {}
[2023-04-12T16:50:39.112Z] error: Stock Insuficiente. {}
[2023-04-12T16:51:40.109Z] error: Stock Insuficiente. {}
[2023-04-12T16:52:33.515Z] error: Stock Insuficiente. {}
[2023-04-12T17:00:48.273Z] error: Password Incorrect. {}
[2023-04-12T17:00:48.275Z] error: Password Incorrect. {}
[2023-04-12T17:00:57.184Z] error: Email Not Found. {}
[2023-04-12T17:00:57.185Z] error: Email not Found. {}
[2023-04-12T17:00:59.166Z] error: Email Not Found. {}
[2023-04-12T17:00:59.167Z] error: Email not Found. {}
[2023-04-12T17:15:39.278Z] error: Stock Insuficiente. {}
[2023-04-12T17:17:15.908Z] error: Stock Insuficiente. {}
[2023-04-12T17:20:16.571Z] error: Stock Insuficiente. {}
[2023-04-12T17:20:31.554Z] error: Stock Insuficiente. {}
[2023-04-12T17:21:23.801Z] error: Stock Insuficiente. {}
[2023-04-12T17:23:29.907Z] error: Password Incorrect. {}
[2023-04-12T17:23:29.909Z] error: Password Incorrect. {}
[2023-04-12T17:24:03.611Z] error: Password Incorrect. {}
[2023-04-12T17:24:03.616Z] error: Password Incorrect. {}
[2023-04-12T17:29:37.751Z] error: Stock Insuficiente. {}
[2023-04-12T17:31:35.428Z] error: Stock Insuficiente. {}
[2023-04-12T17:33:49.202Z] error: Stock Insuficiente. {}
[2023-04-12T17:34:04.761Z] error: Stock Insuficiente. {}
[2023-04-12T17:34:46.502Z] error: Stock Insuficiente. {}
[2023-04-12T17:38:18.629Z] error: Stock Insuficiente. {}
[2023-04-12T17:41:38.203Z] error: Stock Insuficiente. {}
[2023-04-12T17:46:16.789Z] error: Stock Insuficiente. {}
[2023-04-12T17:47:58.294Z] error: Stock Insuficiente. {}
[2023-04-12T17:50:24.675Z] error: Stock Insuficiente. {}
[2023-04-12T17:51:19.426Z] error: Deposito insuficiente. {}
[2023-04-12T18:25:13.297Z] error: Password Incorrect. {}
[2023-04-12T18:25:13.309Z] error: Password Incorrect. {}
[2023-04-12T18:29:54.735Z] error: Password Incorrect. {}
[2023-04-12T18:29:54.736Z] error: Password Incorrect. {}
[2023-04-12T18:30:05.063Z] error: Password Incorrect. {}
[2023-04-12T18:30:05.068Z] error: Password Incorrect. {}
[2023-04-12T20:03:53.623Z] error: Password Incorrect. {}
[2023-04-12T20:03:53.627Z] error: Password Incorrect. {}
[2023-04-12T20:04:15.381Z] error: Password Incorrect. {}
[2023-04-12T20:04:15.382Z] error: Password Incorrect. {}
[2023-04-12T20:10:09.118Z] error: Email Not Found. {}
[2023-04-12T20:10:09.119Z] error: Email not Found. {}
[2023-04-12T20:10:18.718Z] error: Email Not Found. {}
[2023-04-12T20:10:18.719Z] error: Email not Found. {}
[2023-04-12T20:10:21.895Z] error: Email Not Found. {}
[2023-04-12T20:10:21.897Z] error: Email not Found. {}
[2023-04-12T20:25:32.713Z] error: Password Incorrect. {}
[2023-04-12T20:25:32.714Z] error: Password Incorrect. {}
[2023-04-12T21:07:56.528Z] error: Password Incorrect. {}
[2023-04-12T21:07:56.530Z] error: Password Incorrect. {}
[2023-04-12T21:10:38.997Z] error: Password Incorrect. {}
[2023-04-12T21:10:38.998Z] error: Password Incorrect. {}
